# IPython log file

import matplotlib
matplotlib.use('Agg')
import matplotlib.pyplot as plt
import numpy as np
a = np.random.randn(10000)
plt.hist(a)
#[Out]# (array([  3.00000000e+00,   2.90000000e+01,   2.43000000e+02,
#[Out]#          1.06200000e+03,   2.53100000e+03,   3.13400000e+03,
#[Out]#          2.13000000e+03,   7.21000000e+02,   1.30000000e+02,
#[Out]#          1.70000000e+01]), array([-4.41877319, -3.59195992, -2.76514666, -1.9383334 , -1.11152013,
#[Out]#        -0.28470687,  0.54210639,  1.36891966,  2.19573292,  3.02254618,
#[Out]#         3.84935945]), <a list of 10 Patch objects>)
plt.savefig('1.3.2/Histogram')
# Thu, 06 Dec 2018 21:09:08
# Loic Scomparin 1.3.2 IPython Log
# Thu, 06 Dec 2018 21:14:11
5 + 3
#[Out]# 8
# Thu, 06 Dec 2018 21:17:01
1.0
#[Out]# 1.0
# Thu, 06 Dec 2018 21:17:03
1
#[Out]# 1
# Thu, 06 Dec 2018 21:17:18
1.0 == 1
#[Out]# True
# Thu, 06 Dec 2018 21:20:35
3 == 3.5
#[Out]# False
# Thu, 06 Dec 2018 21:25:20
7*2
#[Out]# 14
# Thu, 06 Dec 2018 21:25:25
7*2.
#[Out]# 14.0
# Thu, 06 Dec 2018 21:28:16
# having a float in the operation results in a solution with a float. having only ints is required for the solution to have ints
# Thu, 06 Dec 2018 21:28:41
ln 7/2
# Thu, 06 Dec 2018 21:28:47
7/2
#[Out]# 3
# Thu, 06 Dec 2018 21:28:51
7/.2
#[Out]# 35.0
# Thu, 06 Dec 2018 21:28:59
7/2.
#[Out]# 3.5
# Thu, 06 Dec 2018 21:30:39
# 7b. int/int returns a int (so the actual solution rounded down), whereas int/float returns an exact solution 
# Thu, 06 Dec 2018 21:31:32
# 8. Assignment
# Thu, 06 Dec 2018 21:31:54
student_age = 16
# Thu, 06 Dec 2018 21:32:30
%logstop
