# IPython log file

# Mon, 07 Jan 2019 21:04:18
slogan = 'My school is the best'
# Mon, 07 Jan 2019 21:06:53
type(slogan





type(slogan)






type(slogan)
0
)
# Mon, 07 Jan 2019 21:07:11
type(slogan)
#[Out]# str
# Mon, 07 Jan 2019 21:07:24
slogan
#[Out]# 'My school is the best'
# Mon, 07 Jan 2019 21:10:16
type('tr' + "y this")
#[Out]# str
# Mon, 07 Jan 2019 21:10:25
type('tr' + 5)
# Mon, 07 Jan 2019 21:13:04
slogan[0]
#[Out]# 'M'
# Mon, 07 Jan 2019 21:13:18
slogan[2]
#[Out]# ' '
# Mon, 07 Jan 2019 21:13:27
slogan[8]
#[Out]# 'l'
# Mon, 07 Jan 2019 21:13:35
slogan[26]
# Mon, 07 Jan 2019 21:13:49
slogan[-2]
#[Out]# 's'
# Mon, 07 Jan 2019 21:13:59
slogan[-7]
#[Out]# 'h'
# Mon, 07 Jan 2019 21:16:14
slogan[0:5]
#[Out]# 'My sc'
# Mon, 07 Jan 2019 21:16:35
slogan[5:21]
#[Out]# 'hool is the best'
# Mon, 07 Jan 2019 21:19:22
slogan[17:21]
#[Out]# 'best'
# Mon, 07 Jan 2019 21:20:50
slogan[:13] + 'awesome!'
#[Out]# 'My school is awesome!'
# Mon, 07 Jan 2019 21:21:52
slogan[3:13] + 'cool'
#[Out]# 'school is cool'
# Mon, 07 Jan 2019 21:22:53
activity = 'theater'
# Mon, 07 Jan 2019 21:23:00
len(activity)
#[Out]# 7
# Mon, 07 Jan 2019 21:25:07
activity[0 : len(activity)-1]
#[Out]# 'theate'
# Mon, 07 Jan 2019 21:26:32
'test goo' in 'Greatest good for the greatest number!'
#[Out]# True
# Tue, 08 Jan 2019 03:55:06
pwd
#[Out]# u'/home/ubuntu/workspace'
# Tue, 08 Jan 2019 03:55:16
cd 1.3.5
# Tue, 08 Jan 2019 03:55:26
%run Scomparin_1.3.5.py
# Tue, 08 Jan 2019 03:56:18
%run Scomparin_1.3.5.py
# Tue, 08 Jan 2019 03:58:16
how_eligible('This? "Yes." No, not really!')
# Tue, 08 Jan 2019 03:58:26
how_eligible('Really, not a compound sentence.')
# Tue, 08 Jan 2019 04:00:18
%logstop
