# IPython log file

%run 1.3.2/Scomparin_1.3.2.py
cd 1.3.3
a=3
a**2
#[Out]# 9
# 6a. Prediction: The output code will say true beause both parts of the statement are true. a squared is nine and a is not greater, but equal to, 3
a**2 >= 9 and not a>3
#[Out]# True
# prediction was correct
# 6b. Prediction: the code will come out as true because the first part of the statement is true, but the second is not. Since it is an or statement, only one of the two statements needs to be true for the output code to say true
a+2 == 5 or a-1 != 3
#[Out]# True
# prediction was correct
%logstart -ort 1.3.3/logs/Scomparin_1.3.3.1.log
%logstart -ort 1.3.3/logs/Scomparin_1.3.3.1.log
%logstart -ort 1.3.3/logs/Scomparin_1.3.3.1.log
%logstart -ort logs/Scomparin_1.3.3.1.log
x, y = (65, 40)
x
#[Out]# 65
40<x and x<130 and 100<=y and y<=120
#[Out]# False
# 7. compound conditional
x, y = (90, 115)
40<x and x<130 and 100<=y and y<=120
#[Out]# True
%logstop
# Tue, 11 Dec 2018 20:52:32
# 8. see above
# Tue, 11 Dec 2018 20:55:56
%run 1.3.3/Scomparin_1.3.3.py
# Tue, 11 Dec 2018 20:56:44
%run 1.3.3/Scomparin_1.3.3.py
# Tue, 11 Dec 2018 20:59:09
cd 1.3.3
# Tue, 11 Dec 2018 20:59:31
%run Scomparin_1.3.3.py
# Tue, 11 Dec 2018 21:00:41
# 9a. The age is below the age limit, so it will print that
# Tue, 11 Dec 2018 21:01:40
# 9a. For age 16, the else statement will be activated, and it will print "is old enough"
# Tue, 11 Dec 2018 21:02:01
age_limit_output(10)
# Tue, 11 Dec 2018 21:02:12
age_limit_output(16)
# Tue, 11 Dec 2018 21:07:02
pwd
#[Out]# u'/home/ubuntu/workspace/1.3.3'
# Tue, 11 Dec 2018 21:09:00
report_grade(79)
# Tue, 11 Dec 2018 21:09:25
report_grade(79)
# Tue, 11 Dec 2018 21:10:59
report grade(79)
# Tue, 11 Dec 2018 21:11:19
report_grade(79)
# Tue, 11 Dec 2018 21:12:26
report_grade(79)
# Tue, 11 Dec 2018 21:14:29
report_grade(79)
# Tue, 11 Dec 2018 21:15:10
report_grade(80)
# Tue, 11 Dec 2018 21:17:37
%run
# Tue, 11 Dec 2018 21:18:46
report_grade(79)
# Tue, 11 Dec 2018 21:21:18
%run Scomparin_1.3.3.py
# Tue, 11 Dec 2018 21:21:21
report_grade(79)
# Tue, 11 Dec 2018 21:22:20
report_grade(85)
# Tue, 11 Dec 2018 21:23:02
report_grade(85)
# Tue, 11 Dec 2018 21:24:06
't' in 'string' # includes lowercase t character
#[Out]# True
# Tue, 11 Dec 2018 21:24:27
'T' in 'string' # case matters
#[Out]# False
# Tue, 11 Dec 2018 21:24:43
3 in [1,2,3] 
#[Out]# True
# Tue, 11 Dec 2018 21:25:11
# 3 is part of the list within the square brackets
# Tue, 11 Dec 2018 21:25:29
'3' in [1,2,3] 
#[Out]# False
# Tue, 11 Dec 2018 21:25:52
# '3' is a string and therefore not within the list
# Tue, 11 Dec 2018 21:31:09
%run Scomparin_1.3.3.py
# Tue, 11 Dec 2018 21:32:00
letter_in_word('t', 'secret hangman phrase')
#[Out]# True
