# IPython log file

pwd
#[Out]# u'/home/ubuntu/workspace'
cd 1.3.6
# Tue, 08 Jan 2019 21:06:01
some_values[1]
# Tue, 08 Jan 2019 21:06:20
some_values = ('a', 'b', 3)
# Tue, 08 Jan 2019 21:06:27
some_values[1]
#[Out]# 'b'
# Tue, 08 Jan 2019 21:06:38
some_values[0:2]
#[Out]# ('a', 'b')
# Tue, 08 Jan 2019 21:08:40
a = 10
# Tue, 08 Jan 2019 21:08:49
b = (9, a, 11)
# Tue, 08 Jan 2019 21:08:59
b[1] == 10
#[Out]# True
# Tue, 08 Jan 2019 21:10:01
b = (9, a , 11)
# Tue, 08 Jan 2019 21:10:14
b[1]
#[Out]# 10
# Tue, 08 Jan 2019 21:11:58
values = ['a', 'b', 3]
# Tue, 08 Jan 2019 21:12:08
values[1:]
#[Out]# ['b', 3]
# Tue, 08 Jan 2019 21:15:39
values[2] = '3'
# Tue, 08 Jan 2019 21:15:50
values[2] == 3
#[Out]# False
# Tue, 08 Jan 2019 21:17:36
values = values + [4, 5]
# Tue, 08 Jan 2019 21:17:45
values
#[Out]# ['a', 'b', '3', 4, 5]
# Tue, 08 Jan 2019 21:19:18
values.append([6, 7])
# Tue, 08 Jan 2019 21:19:25
values
#[Out]# ['a', 'b', '3', 4, 5, [6, 7]]
# Tue, 08 Jan 2019 21:21:30
values = values + 5
# Tue, 08 Jan 2019 21:24:31
a = 6
# Tue, 08 Jan 2019 21:24:40
a *= 3
# Tue, 08 Jan 2019 21:24:41
a
#[Out]# 18
# Tue, 08 Jan 2019 21:28:40
random.choice(values)
# Tue, 08 Jan 2019 21:30:29
import random
# Tue, 08 Jan 2019 21:34:51
%run Scomparin_1.3.6.py
# Tue, 08 Jan 2019 21:35:05
roll_two_dice()
# Tue, 08 Jan 2019 21:35:14
%logstop
