# IPython log file

%logstart -ort 1.3.4/logs/Scomparin_1.3.4.2.log
f(12)
pwd
#[Out]# u'/home/ubuntu/workspace'
cd 1.3.4
%run Scomparin_1.3.4.py
f(12)
%run Scomparin_1.3.4.py
%run Scomparin_1.3.4.py
f_test()
#[Out]# False
%run Scomparin_1.3.4.py
f_test()
#[Out]# False
%run Scomparin_1.3.4.py
f_test()
#[Out]# True
f_test()
#[Out]# True
%logstop
%logstart -ort 1.3.4/logs/Scomparin_1.3.4.3.log
cd
pwd
#[Out]# u'/home/ubuntu'
cd 1.3.4
pwd
#[Out]# u'/home/ubuntu'
cd 1.3.3
pwd
#[Out]# u'/home/ubuntu'
cd 1.3.4
f_test()
#[Out]# True
%logstart -ort 1.3.4/logs/Scomparin_1.3.4.3.log
%logstart
pwd
#[Out]# u'/home/ubuntu'
cd /home/ubuntu/workspace/1.3.4
pwd
#[Out]# u'/home/ubuntu/workspace/1.3.4'
%logstart -ort 1.3.4/logs/Scomparin_1.3.4.3.log
cd 1.3.4
pwd
#[Out]# u'/home/ubuntu/workspace/1.3.4'
%logstart
%logstart -ort 1.3.4/logs/Scomparin_1.3.4.3.log
pwd
#[Out]# u'/home/ubuntu/workspace/1.3.4'
%logstart -ort 1.3.4/logs/Scomparin_1.3.4.3.log
%logstart
%logstart -ort logs/Scomparin_1.3.4.3.log
%run Scomparin_1.3.4.py
guess_once()
%run Scomparin_1.3.4.py
guess_once()
%run Scomparin_1.3.4.py
guess_once()
guess_once()
%run Scomparin_1.3.4.py
def quiz_decimal(5.0, 5.6)
quiz_decimal(5.0, 5.6)
%run Scomparin_1.3.4.py
quiz_decimal(5.0, 5.6)
quiz_decimal(5.0, 5.6)
quiz_decimal(5.0, 5.6)
%run Scomparin_1.3.4.py
quiz_decimal(5.0, 5.6)
quiz_decimal(5.0, 5.6)
quiz_decimal(5.0, 5.6)
%run Scomparin_1.3.4.py
def f_test()
f_test()
#[Out]# False
%run Scomparin_1.3.4.py
f_test()
#[Out]# False
%run Scomparin_1.3.4.py
f_test()
#[Out]# False
%run Scomparin_1.3.4.py
f_test()
#[Out]# False
%run Scomparin_1.3.4.py
f_test()
#[Out]# True
%run Scomparin_1.3.4.py
f(6)
f_test()
#[Out]# False
%run Scomparin_1.3.4.py
f_test()
#[Out]# False
%run Scomparin_1.3.4.py
f_test()
#[Out]# False
f_test()
#[Out]# False
%run Scomparin_1.3.4.py
f_test()
#[Out]# True
%run Scomparin_1.3.4.py
int_f(5)
int_(4.3)
int_f(4.3)
%run Scomparin_1.3.4.py
int_f(3)
even_f(3)
even_f(4)
odd_f(9)
odd_f(8)
%run Scomparin_1.3.4.py
divisible_by_6_f(24)
divisible_by_6_f(25)
%logstop
pwd
#[Out]# u'/home/ubuntu/workspace/1.3.4'
%logstart -ort
%run Scomparin_1.3.4.py
f_challenge(3)
%run Scomparin_1.3.4.py
f_challenge(4)
f_challenge(4.0)
f_challenge(4.3)
%run Scomparin_1.3.4.py
%logstop
%logstart -ort
%logstop
# Mon, 17 Dec 2018 20:20:15
f_test
#[Out]# <function __main__.f_test>
# Mon, 17 Dec 2018 20:20:21
f_tes()
# Mon, 17 Dec 2018 20:20:25
f_test()
#[Out]# True
# Mon, 17 Dec 2018 20:32:12
%run Scomparin_1.3.4.py
# Mon, 17 Dec 2018 20:32:47
f_test()
#[Out]# False
# Mon, 17 Dec 2018 20:36:45
%run Scomparin_1.3.4.py
# Mon, 17 Dec 2018 20:36:50
3
#[Out]# 3
# Mon, 17 Dec 2018 20:36:53
f_test()
#[Out]# True
# Mon, 17 Dec 2018 20:37:45
%run Scomparin_1.3.4.py
# Mon, 17 Dec 2018 20:37:53
f_test()
#[Out]# True
# Mon, 17 Dec 2018 20:38:06
%run Scomparin_1.3.4.py
# Mon, 17 Dec 2018 20:38:16
f_test()
#[Out]# True
# Mon, 17 Dec 2018 21:03:04
%run Scomparin_1.3.4.py
# Mon, 17 Dec 2018 21:11:00
%run Scomparin_1.3.4.py
# Mon, 17 Dec 2018 21:23:56
%logstop
